<?xml version="1.0" encoding="UTF-8"?>
<testsuite xmlns:xsi="http://www.w3.org/2001/XMLSchema-instance" xsi:noNamespaceSchemaLocation="https://maven.apache.org/surefire/maven-surefire-plugin/xsd/surefire-test-report-3.0.xsd" version="3.0" name="za.co.wethinkcode.TestWard" time="0.105" tests="30" errors="0" skipped="0" failures="0">
  <properties>
[...]
</properties>
  <testcase name="scheduleAppointment_createsAppointmentWithCorrectDetails" classname="za.co.wethinkcode.TestWard" time="0.005"/>
  <testcase name="getAllPatients_returnsAllAdmittedPatients" classname="za.co.wethinkcode.TestWard" time="0.001"/>
  <testcase name="admitPatient_addsPatientToWard" classname="za.co.wethinkcode.TestWard" time="0.001"/>
  <testcase name="processNextAppointment_returnsNull_whenNoScheduledAppointments" classname="za.co.wethinkcode.TestWard" time="0.002"/>
  <testcase name="billable_canBeReferencedViaInterface" classname="za.co.wethinkcode.TestWard" time="0.001"/>
  <testcase name="generalWard_calculateBill_scalesWithDuration" classname="za.co.wethinkcode.TestWard" time="0.001"/>
  <testcase name="isFull_returnsTrue_atCapacity" classname="za.co.wethinkcode.TestWard" time="0.001"/>
  <testcase name="generalWard_isSubclassOfWard" classname="za.co.wethinkcode.TestWard" time="0.002"/>
  <testcase name="processNextAppointment_returnsCompletedAppointment" classname="za.co.wethinkcode.TestWard" time="0.003">
    <system-out><![CDATA[Ward A treating Alice Dlamini with Dr Dr Nkosi using standard general care protocols.]]></system-out>
  </testcase>
  <testcase name="icu_calculateBill_returnsCorrectAmountForOneHour" classname="za.co.wethinkcode.TestWard" time="0.002"/>
  <testcase name="icu_calculateBill_isHigherThanGeneralWard_forSameDuration" classname="za.co.wethinkcode.TestWard" time="0.001"/>
  <testcase name="isFull_returnsFalse_whenBelowCapacity" classname="za.co.wethinkcode.TestWard" time="0.003"/>
  <testcase name="scheduleAppointment_throwsWhenPatientNotAdmitted" classname="za.co.wethinkcode.TestWard" time="0.003"/>
  <testcase name="dischargePatient_removesPatientFromWard" classname="za.co.wethinkcode.TestWard" time="0.001"/>
  <testcase name="scheduleAppointment_addsAppointmentToQueue" classname="za.co.wethinkcode.TestWard" time="0.002"/>
  <testcase name="capacity_returnsCorrectCapacity" classname="za.co.wethinkcode.TestWard" time="0.001"/>
  <testcase name="icu_implementsBillable" classname="za.co.wethinkcode.TestWard" time="0.001"/>
  <testcase name="dischargePatient_throwsWhenPatientNotFound" classname="za.co.wethinkcode.TestWard" time="0.002"/>
  <testcase name="processNextAppointment_processesFifoOrder" classname="za.co.wethinkcode.TestWard" time="0.003">
    <system-out><![CDATA[Ward A treating Alice Dlamini with Dr Dr Nkosi using standard general care protocols.]]></system-out>
  </testcase>
  <testcase name="generalWard_calculateBill_returnsCorrectAmountForOneHour" classname="za.co.wethinkcode.TestWard" time="0.002"/>
  <testcase name="appointmentQueue_returnsUnmodifiableView" classname="za.co.wethinkcode.TestWard" time="0.003"/>
  <testcase name="icu_isSubclassOfWard" classname="za.co.wethinkcode.TestWard" time="0.001"/>
  <testcase name="wardName_returnsCorrectName" classname="za.co.wethinkcode.TestWard" time="0.002"/>
  <testcase name="generalWard_implementsBillable" classname="za.co.wethinkcode.TestWard" time="0.002"/>
  <testcase name="scheduleAppointment_assignsUniqueIncrementingIds" classname="za.co.wethinkcode.TestWard" time="0.002"/>
  <testcase name="getAllPatients_returnsUnmodifiableView" classname="za.co.wethinkcode.TestWard" time="0.002"/>
  <testcase name="getPatient_returnsNull_forUnknownId" classname="za.co.wethinkcode.TestWard" time="0.001"/>
  <testcase name="admitPatient_throwsIllegalArgumentException_whenPatientAlreadyAdmitted" classname="za.co.wethinkcode.TestWard" time="0.003"/>
  <testcase name="icu_canProcessAppointments" classname="za.co.wethinkcode.TestWard" time="0.001">
    <system-out><![CDATA[ICU North treating Alice Dlamini with Dr Dr Sithole  using intensive monitoring and life support.]]></system-out>
  </testcase>
  <testcase name="admitPatient_throwsIllegalStateException_whenWardIsFull" classname="za.co.wethinkcode.TestWard" time="0.004"/>
</testsuite>